Arguments: 
  /usr/bin/node /usr/bin/yarn add express express-body-parser

PATH: 
  /usr/share/zsh/scripts/zplug/bin:/home/nemanjan00/.zplug/bin:/usr/local/sbin:/usr/local/bin:/usr/bin:/usr/lib/jvm/default/bin:/opt/nessus/bin:/opt/nessus/sbin:/usr/bin/site_perl:/usr/bin/vendor_perl:/usr/bin/core_perl:/home/nemanjan00/.yarn/bin:/home/nemanjan00/go/bin:/home/nemanjan00/cb/freetype/freetype-2.9.1/builds/unix

Yarn version: 
  1.9.4

Node version: 
  10.8.0

Platform: 
  linux x64

Trace: 
  Error: https://registry.yarnpkg.com/express-body-parser: Not found
      at Request.params.callback [as _callback] (/usr/lib/node_modules/yarn/lib/cli.js:64202:18)
      at Request.self.callback (/usr/lib/node_modules/yarn/lib/cli.js:137468:22)
      at Request.emit (events.js:182:13)
      at Request.<anonymous> (/usr/lib/node_modules/yarn/lib/cli.js:138440:10)
      at Request.emit (events.js:182:13)
      at IncomingMessage.<anonymous> (/usr/lib/node_modules/yarn/lib/cli.js:138362:12)
      at Object.onceWrapper (events.js:273:13)
      at IncomingMessage.emit (events.js:187:15)
      at endReadableNT (_stream_readable.js:1081:12)
      at process._tickCallback (internal/process/next_tick.js:63:19)

npm manifest: 
  {
    "name": "captive-portal",
    "version": "0.0.0",
    "description": "Node.JS captive page with Stripe",
    "main": "index.js",
    "repository": "git@github.com:lucapietroni/captive-portal.git",
    "author": "lucapietroni",
    "license": "UNLICENSED",
    "private": true,
    "dependencies": {
      "stripe": "^6.7.0"
    }
  }

yarn manifest: 
  No manifest

Lockfile: 
  # THIS IS AN AUTOGENERATED FILE. DO NOT EDIT THIS FILE DIRECTLY.
  # yarn lockfile v1
  
  
  lodash.isplainobject@^4.0.6:
    version "4.0.6"
    resolved "https://registry.yarnpkg.com/lodash.isplainobject/-/lodash.isplainobject-4.0.6.tgz#7c526a52d89b45c45cc690b88163be0497f550cb"
  
  qs@~6.5.1:
    version "6.5.2"
    resolved "https://registry.yarnpkg.com/qs/-/qs-6.5.2.tgz#cb3ae806e8740444584ef154ce8ee98d403f3e36"
  
  safe-buffer@^5.1.1:
    version "5.1.2"
    resolved "https://registry.yarnpkg.com/safe-buffer/-/safe-buffer-5.1.2.tgz#991ec69d296e0313747d59bdfd2b745c35f8828d"
  
  stripe@^6.7.0:
    version "6.7.0"
    resolved "https://registry.yarnpkg.com/stripe/-/stripe-6.7.0.tgz#d28a02c0b213e4beacc1413e94946e3014426208"
    dependencies:
      lodash.isplainobject "^4.0.6"
      qs "~6.5.1"
      safe-buffer "^5.1.1"
